<?xml version="1.0" encoding="UTF-8"?>
<testsuite name="DictionaryTest" tests="2" skipped="0" failures="1" errors="0" timestamp="2016-05-02T06:35:33" hostname="MacBookMillerTheZodiacKiller.local" time="2.226">
  <properties/>
  <testcase name="taskIsCreatedTest" classname="DictionaryTest" time="2.165">
    <failure message="java.lang.AssertionError: &#10;Expecting:&#10; &lt;&quot;&lt;?xml version=&quot;1.0&quot; encoding=&quot;UTF-8&quot;?&gt;&#13;&#10;&lt;html&gt;&#13;&#10;  &lt;head&gt;&#13;&#10;    &lt;meta charset=&quot;utf-8&quot;/&gt;&#13;&#10;    &lt;title&gt;&#13;&#10;      Title&#13;&#10;    &lt;/title&gt;&#13;&#10;    &lt;link rel=&quot;stylesheet&quot; href=&quot;https://maxcdn.bootstrapcdn.com/bootstrap/3.3.6/css/bootstrap.min.css&quot; integrity=&quot;sha384-1q8mTJOASx8j1Au+a5WDVnPi2lkFfwwEAa8hDDdjZlpLegxhjVME1fgjWPGmkzs7&quot; crossorigin=&quot;anonymous&quot;/&gt;&#13;&#10;    &lt;link rel=&quot;stylesheet&quot; href=&quot;/app.css&quot;/&gt;&#13;&#10;  &lt;/head&gt;&#13;&#10;  &lt;body&gt;&#13;&#10;    &lt;h1&gt;&#13;&#10;       Definition not found &#13;&#10;    &lt;/h1&gt;&#13;&#10;    &lt;a href=&quot;/definition/new&quot;&gt;&#13;&#10;      Add another definition&#13;&#10;    &lt;/a&gt;&#13;&#10;    &lt;a href=&quot;/definition&quot;&gt;&#13;&#10;      All definitions&#13;&#10;    &lt;/a&gt;&#13;&#10;  &lt;/body&gt;&#13;&#10;&lt;/html&gt;&#13;&#10;&quot;&gt;&#10;to contain:&#10; &lt;&quot;Holla Definitions:&quot;&gt; " type="java.lang.AssertionError">java.lang.AssertionError: 
Expecting:
 &lt;&quot;&lt;?xml version=&quot;1.0&quot; encoding=&quot;UTF-8&quot;?&gt;
&lt;html&gt;
  &lt;head&gt;
    &lt;meta charset=&quot;utf-8&quot;/&gt;
    &lt;title&gt;
      Title
    &lt;/title&gt;
    &lt;link rel=&quot;stylesheet&quot; href=&quot;https://maxcdn.bootstrapcdn.com/bootstrap/3.3.6/css/bootstrap.min.css&quot; integrity=&quot;sha384-1q8mTJOASx8j1Au+a5WDVnPi2lkFfwwEAa8hDDdjZlpLegxhjVME1fgjWPGmkzs7&quot; crossorigin=&quot;anonymous&quot;/&gt;
    &lt;link rel=&quot;stylesheet&quot; href=&quot;/app.css&quot;/&gt;
  &lt;/head&gt;
  &lt;body&gt;
    &lt;h1&gt;
       Definition not found 
    &lt;/h1&gt;
    &lt;a href=&quot;/definition/new&quot;&gt;
      Add another definition
    &lt;/a&gt;
    &lt;a href=&quot;/definition&quot;&gt;
      All definitions
    &lt;/a&gt;
  &lt;/body&gt;
&lt;/html&gt;
&quot;&gt;
to contain:
 &lt;&quot;Holla Definitions:&quot;&gt; 
	at DictionaryTest.taskIsCreatedTest(DictionaryTest.java:29)
	at sun.reflect.NativeMethodAccessorImpl.invoke0(Native Method)
	at sun.reflect.NativeMethodAccessorImpl.invoke(NativeMethodAccessorImpl.java:62)
	at sun.reflect.DelegatingMethodAccessorImpl.invoke(DelegatingMethodAccessorImpl.java:43)
	at java.lang.reflect.Method.invoke(Method.java:498)
	at org.junit.runners.model.FrameworkMethod$1.runReflectiveCall(FrameworkMethod.java:50)
	at org.junit.internal.runners.model.ReflectiveCallable.run(ReflectiveCallable.java:12)
	at org.junit.runners.model.FrameworkMethod.invokeExplosively(FrameworkMethod.java:47)
	at org.junit.internal.runners.statements.InvokeMethod.evaluate(InvokeMethod.java:17)
	at org.junit.rules.TestWatcher$1.evaluate(TestWatcher.java:55)
	at org.junit.rules.TestWatcher$1.evaluate(TestWatcher.java:55)
	at org.junit.rules.RunRules.evaluate(RunRules.java:20)
	at org.junit.runners.ParentRunner.runLeaf(ParentRunner.java:325)
	at org.junit.runners.BlockJUnit4ClassRunner.runChild(BlockJUnit4ClassRunner.java:78)
	at org.junit.runners.BlockJUnit4ClassRunner.runChild(BlockJUnit4ClassRunner.java:57)
	at org.junit.runners.ParentRunner$3.run(ParentRunner.java:290)
	at org.junit.runners.ParentRunner$1.schedule(ParentRunner.java:71)
	at org.junit.runners.ParentRunner.runChildren(ParentRunner.java:288)
	at org.junit.runners.ParentRunner.access$000(ParentRunner.java:58)
	at org.junit.runners.ParentRunner$2.evaluate(ParentRunner.java:268)
	at org.junit.internal.runners.statements.RunAfters.evaluate(RunAfters.java:27)
	at org.junit.rules.ExternalResource$1.evaluate(ExternalResource.java:48)
	at org.junit.rules.RunRules.evaluate(RunRules.java:20)
	at org.junit.runners.ParentRunner.run(ParentRunner.java:363)
	at org.gradle.api.internal.tasks.testing.junit.JUnitTestClassExecuter.runTestClass(JUnitTestClassExecuter.java:112)
	at org.gradle.api.internal.tasks.testing.junit.JUnitTestClassExecuter.execute(JUnitTestClassExecuter.java:56)
	at org.gradle.api.internal.tasks.testing.junit.JUnitTestClassProcessor.processTestClass(JUnitTestClassProcessor.java:66)
	at org.gradle.api.internal.tasks.testing.SuiteTestClassProcessor.processTestClass(SuiteTestClassProcessor.java:51)
	at sun.reflect.NativeMethodAccessorImpl.invoke0(Native Method)
	at sun.reflect.NativeMethodAccessorImpl.invoke(NativeMethodAccessorImpl.java:62)
	at sun.reflect.DelegatingMethodAccessorImpl.invoke(DelegatingMethodAccessorImpl.java:43)
	at java.lang.reflect.Method.invoke(Method.java:498)
	at org.gradle.messaging.dispatch.ReflectionDispatch.dispatch(ReflectionDispatch.java:35)
	at org.gradle.messaging.dispatch.ReflectionDispatch.dispatch(ReflectionDispatch.java:24)
	at org.gradle.messaging.dispatch.ContextClassLoaderDispatch.dispatch(ContextClassLoaderDispatch.java:32)
	at org.gradle.messaging.dispatch.ProxyDispatchAdapter$DispatchingInvocationHandler.invoke(ProxyDispatchAdapter.java:93)
	at com.sun.proxy.$Proxy2.processTestClass(Unknown Source)
	at org.gradle.api.internal.tasks.testing.worker.TestWorker.processTestClass(TestWorker.java:109)
	at sun.reflect.NativeMethodAccessorImpl.invoke0(Native Method)
	at sun.reflect.NativeMethodAccessorImpl.invoke(NativeMethodAccessorImpl.java:62)
	at sun.reflect.DelegatingMethodAccessorImpl.invoke(DelegatingMethodAccessorImpl.java:43)
	at java.lang.reflect.Method.invoke(Method.java:498)
	at org.gradle.messaging.dispatch.ReflectionDispatch.dispatch(ReflectionDispatch.java:35)
	at org.gradle.messaging.dispatch.ReflectionDispatch.dispatch(ReflectionDispatch.java:24)
	at org.gradle.messaging.remote.internal.hub.MessageHub$Handler.run(MessageHub.java:364)
	at org.gradle.internal.concurrent.ExecutorPolicy$CatchAndRecordFailures.onExecute(ExecutorPolicy.java:54)
	at org.gradle.internal.concurrent.StoppableExecutorImpl$1.run(StoppableExecutorImpl.java:40)
	at java.util.concurrent.ThreadPoolExecutor.runWorker(ThreadPoolExecutor.java:1142)
	at java.util.concurrent.ThreadPoolExecutor$Worker.run(ThreadPoolExecutor.java:617)
	at java.lang.Thread.run(Thread.java:745)
</failure>
  </testcase>
  <testcase name="rootTest" classname="DictionaryTest" time="0.041"/>
  <system-out><![CDATA[]]></system-out>
  <system-err><![CDATA[[Thread-4] INFO org.eclipse.jetty.util.log - Logging initialized @917ms
[Thread-4] INFO spark.webserver.JettySparkServer - == Spark has ignited ...
[Thread-4] INFO spark.webserver.JettySparkServer - >> Listening on 0.0.0.0:4567
[Thread-4] INFO org.eclipse.jetty.server.Server - jetty-9.3.2.v20150730
[Thread-4] INFO org.eclipse.jetty.server.ServerConnector - Started ServerConnector@703cb77{HTTP/1.1,[http/1.1]}{0.0.0.0:4567}
[Thread-4] INFO org.eclipse.jetty.server.Server - Started @1083ms
May 01, 2016 11:35:35 PM com.gargoylesoftware.htmlunit.DefaultCssErrorHandler error
WARNING: CSS error: 'https://maxcdn.bootstrapcdn.com/bootstrap/3.3.6/css/bootstrap.min.css' [5:17610] Error in media list. (Invalid token "(". Was expecting one of: <S>, <IDENT>.)
May 01, 2016 11:35:35 PM com.gargoylesoftware.htmlunit.DefaultCssErrorHandler error
WARNING: CSS error: 'https://maxcdn.bootstrapcdn.com/bootstrap/3.3.6/css/bootstrap.min.css' [5:19377] Error in media list. (Invalid token "(". Was expecting one of: <S>, <IDENT>.)
May 01, 2016 11:35:35 PM com.gargoylesoftware.htmlunit.DefaultCssErrorHandler error
WARNING: CSS error: 'https://maxcdn.bootstrapcdn.com/bootstrap/3.3.6/css/bootstrap.min.css' [5:21622] Error in media list. (Invalid token "(". Was expecting one of: <S>, <IDENT>.)
May 01, 2016 11:35:35 PM com.gargoylesoftware.htmlunit.DefaultCssErrorHandler error
WARNING: CSS error: 'https://maxcdn.bootstrapcdn.com/bootstrap/3.3.6/css/bootstrap.min.css' [5:21671] Error in media list. (Invalid token "(". Was expecting one of: <S>, <IDENT>.)
May 01, 2016 11:35:35 PM com.gargoylesoftware.htmlunit.DefaultCssErrorHandler error
WARNING: CSS error: 'https://maxcdn.bootstrapcdn.com/bootstrap/3.3.6/css/bootstrap.min.css' [5:21720] Error in media list. (Invalid token "(". Was expecting one of: <S>, <IDENT>.)
May 01, 2016 11:35:35 PM com.gargoylesoftware.htmlunit.DefaultCssErrorHandler error
WARNING: CSS error: 'https://maxcdn.bootstrapcdn.com/bootstrap/3.3.6/css/bootstrap.min.css' [5:24204] Error in media list. (Invalid token "(". Was expecting one of: <S>, <IDENT>.)
May 01, 2016 11:35:35 PM com.gargoylesoftware.htmlunit.DefaultCssErrorHandler error
WARNING: CSS error: 'https://maxcdn.bootstrapcdn.com/bootstrap/3.3.6/css/bootstrap.min.css' [5:25970] Error in media list. (Invalid token "(". Was expecting one of: <S>, <IDENT>.)
May 01, 2016 11:35:35 PM com.gargoylesoftware.htmlunit.DefaultCssErrorHandler error
WARNING: CSS error: 'https://maxcdn.bootstrapcdn.com/bootstrap/3.3.6/css/bootstrap.min.css' [5:27736] Error in media list. (Invalid token "(". Was expecting one of: <S>, <IDENT>.)
May 01, 2016 11:35:35 PM com.gargoylesoftware.htmlunit.DefaultCssErrorHandler error
WARNING: CSS error: 'https://maxcdn.bootstrapcdn.com/bootstrap/3.3.6/css/bootstrap.min.css' [5:33862] Error in @media rule. (Invalid token "and". Was expecting one of: <S>, <LBRACE>, <COMMA>.)
May 01, 2016 11:35:35 PM com.gargoylesoftware.htmlunit.DefaultCssErrorHandler warning
WARNING: CSS warning: 'https://maxcdn.bootstrapcdn.com/bootstrap/3.3.6/css/bootstrap.min.css' [5:33862] Ignoring the whole rule.
May 01, 2016 11:35:35 PM com.gargoylesoftware.htmlunit.DefaultCssErrorHandler error
WARNING: CSS error: 'https://maxcdn.bootstrapcdn.com/bootstrap/3.3.6/css/bootstrap.min.css' [5:37348] Error in @media rule. (Invalid token "and". Was expecting one of: <S>, <LBRACE>, <COMMA>.)
May 01, 2016 11:35:35 PM com.gargoylesoftware.htmlunit.DefaultCssErrorHandler warning
WARNING: CSS warning: 'https://maxcdn.bootstrapcdn.com/bootstrap/3.3.6/css/bootstrap.min.css' [5:37348] Ignoring the whole rule.
May 01, 2016 11:35:35 PM com.gargoylesoftware.htmlunit.DefaultCssErrorHandler error
WARNING: CSS error: 'https://maxcdn.bootstrapcdn.com/bootstrap/3.3.6/css/bootstrap.min.css' [5:43596] Error in media list. (Invalid token "(". Was expecting one of: <S>, <IDENT>.)
May 01, 2016 11:35:35 PM com.gargoylesoftware.htmlunit.DefaultCssErrorHandler error
WARNING: CSS error: 'https://maxcdn.bootstrapcdn.com/bootstrap/3.3.6/css/bootstrap.min.css' [5:44816] Error in media list. (Invalid token "(". Was expecting one of: <S>, <IDENT>.)
May 01, 2016 11:35:35 PM com.gargoylesoftware.htmlunit.DefaultCssErrorHandler error
WARNING: CSS error: 'https://maxcdn.bootstrapcdn.com/bootstrap/3.3.6/css/bootstrap.min.css' [5:44988] Error in media list. (Invalid token "(". Was expecting one of: <S>, <IDENT>.)
May 01, 2016 11:35:35 PM com.gargoylesoftware.htmlunit.DefaultCssErrorHandler error
WARNING: CSS error: 'https://maxcdn.bootstrapcdn.com/bootstrap/3.3.6/css/bootstrap.min.css' [5:45093] Error in media list. (Invalid token "(". Was expecting one of: <S>, <IDENT>.)
May 01, 2016 11:35:35 PM com.gargoylesoftware.htmlunit.DefaultCssErrorHandler error
WARNING: CSS error: 'https://maxcdn.bootstrapcdn.com/bootstrap/3.3.6/css/bootstrap.min.css' [5:56358] Error in expression; ':' found after identifier "progid".
May 01, 2016 11:35:35 PM com.gargoylesoftware.htmlunit.DefaultCssErrorHandler error
WARNING: CSS error: 'https://maxcdn.bootstrapcdn.com/bootstrap/3.3.6/css/bootstrap.min.css' [5:57020] Error in media list. (Invalid token "(". Was expecting one of: <S>, <IDENT>.)
May 01, 2016 11:35:35 PM com.gargoylesoftware.htmlunit.DefaultCssErrorHandler error
WARNING: CSS error: 'https://maxcdn.bootstrapcdn.com/bootstrap/3.3.6/css/bootstrap.min.css' [5:65783] Error in media list. (Invalid token "(". Was expecting one of: <S>, <IDENT>.)
May 01, 2016 11:35:35 PM com.gargoylesoftware.htmlunit.DefaultCssErrorHandler error
WARNING: CSS error: 'https://maxcdn.bootstrapcdn.com/bootstrap/3.3.6/css/bootstrap.min.css' [5:66107] Error in media list. (Invalid token "(". Was expecting one of: <S>, <IDENT>.)
May 01, 2016 11:35:35 PM com.gargoylesoftware.htmlunit.DefaultCssErrorHandler error
WARNING: CSS error: 'https://maxcdn.bootstrapcdn.com/bootstrap/3.3.6/css/bootstrap.min.css' [5:66810] Error in media list. (Invalid token "(". Was expecting one of: <S>, <IDENT>.)
May 01, 2016 11:35:35 PM com.gargoylesoftware.htmlunit.DefaultCssErrorHandler error
WARNING: CSS error: 'https://maxcdn.bootstrapcdn.com/bootstrap/3.3.6/css/bootstrap.min.css' [5:67136] Error in media list. (Invalid token "(". Was expecting one of: <S>, <IDENT>.)
May 01, 2016 11:35:35 PM com.gargoylesoftware.htmlunit.DefaultCssErrorHandler error
WARNING: CSS error: 'https://maxcdn.bootstrapcdn.com/bootstrap/3.3.6/css/bootstrap.min.css' [5:67622] Error in media list. (Invalid token "(". Was expecting one of: <S>, <IDENT>.)
May 01, 2016 11:35:35 PM com.gargoylesoftware.htmlunit.DefaultCssErrorHandler error
WARNING: CSS error: 'https://maxcdn.bootstrapcdn.com/bootstrap/3.3.6/css/bootstrap.min.css' [5:67674] Error in media list. (Invalid token "(". Was expecting one of: <S>, <IDENT>.)
May 01, 2016 11:35:35 PM com.gargoylesoftware.htmlunit.DefaultCssErrorHandler error
WARNING: CSS error: 'https://maxcdn.bootstrapcdn.com/bootstrap/3.3.6/css/bootstrap.min.css' [5:68001] Error in media list. (Invalid token "(". Was expecting one of: <S>, <IDENT>.)
May 01, 2016 11:35:35 PM com.gargoylesoftware.htmlunit.DefaultCssErrorHandler error
WARNING: CSS error: 'https://maxcdn.bootstrapcdn.com/bootstrap/3.3.6/css/bootstrap.min.css' [5:68493] Error in media list. (Invalid token "(". Was expecting one of: <S>, <IDENT>.)
May 01, 2016 11:35:35 PM com.gargoylesoftware.htmlunit.DefaultCssErrorHandler error
WARNING: CSS error: 'https://maxcdn.bootstrapcdn.com/bootstrap/3.3.6/css/bootstrap.min.css' [5:68801] Error in media list. (Invalid token "(". Was expecting one of: <S>, <IDENT>.)
May 01, 2016 11:35:35 PM com.gargoylesoftware.htmlunit.DefaultCssErrorHandler error
WARNING: CSS error: 'https://maxcdn.bootstrapcdn.com/bootstrap/3.3.6/css/bootstrap.min.css' [5:69029] Error in media list. (Invalid token "(". Was expecting one of: <S>, <IDENT>.)
May 01, 2016 11:35:35 PM com.gargoylesoftware.htmlunit.DefaultCssErrorHandler error
WARNING: CSS error: 'https://maxcdn.bootstrapcdn.com/bootstrap/3.3.6/css/bootstrap.min.css' [5:69172] Error in media list. (Invalid token "(". Was expecting one of: <S>, <IDENT>.)
May 01, 2016 11:35:35 PM com.gargoylesoftware.htmlunit.DefaultCssErrorHandler error
WARNING: CSS error: 'https://maxcdn.bootstrapcdn.com/bootstrap/3.3.6/css/bootstrap.min.css' [5:69545] Error in media list. (Invalid token "(". Was expecting one of: <S>, <IDENT>.)
May 01, 2016 11:35:35 PM com.gargoylesoftware.htmlunit.DefaultCssErrorHandler error
WARNING: CSS error: 'https://maxcdn.bootstrapcdn.com/bootstrap/3.3.6/css/bootstrap.min.css' [5:70032] Error in media list. (Invalid token "(". Was expecting one of: <S>, <IDENT>.)
May 01, 2016 11:35:35 PM com.gargoylesoftware.htmlunit.DefaultCssErrorHandler error
WARNING: CSS error: 'https://maxcdn.bootstrapcdn.com/bootstrap/3.3.6/css/bootstrap.min.css' [5:70188] Error in media list. (Invalid token "(". Was expecting one of: <S>, <IDENT>.)
May 01, 2016 11:35:35 PM com.gargoylesoftware.htmlunit.DefaultCssErrorHandler error
WARNING: CSS error: 'https://maxcdn.bootstrapcdn.com/bootstrap/3.3.6/css/bootstrap.min.css' [5:70655] Error in media list. (Invalid token "(". Was expecting one of: <S>, <IDENT>.)
May 01, 2016 11:35:35 PM com.gargoylesoftware.htmlunit.DefaultCssErrorHandler error
WARNING: CSS error: 'https://maxcdn.bootstrapcdn.com/bootstrap/3.3.6/css/bootstrap.min.css' [5:71121] Error in media list. (Invalid token "(". Was expecting one of: <S>, <IDENT>.)
May 01, 2016 11:35:35 PM com.gargoylesoftware.htmlunit.DefaultCssErrorHandler error
WARNING: CSS error: 'https://maxcdn.bootstrapcdn.com/bootstrap/3.3.6/css/bootstrap.min.css' [5:72047] Error in media list. (Invalid token "(". Was expecting one of: <S>, <IDENT>.)
May 01, 2016 11:35:35 PM com.gargoylesoftware.htmlunit.DefaultCssErrorHandler error
WARNING: CSS error: 'https://maxcdn.bootstrapcdn.com/bootstrap/3.3.6/css/bootstrap.min.css' [5:72168] Error in media list. (Invalid token "(". Was expecting one of: <S>, <IDENT>.)
May 01, 2016 11:35:35 PM com.gargoylesoftware.htmlunit.DefaultCssErrorHandler error
WARNING: CSS error: 'https://maxcdn.bootstrapcdn.com/bootstrap/3.3.6/css/bootstrap.min.css' [5:72801] Error in media list. (Invalid token "(". Was expecting one of: <S>, <IDENT>.)
May 01, 2016 11:35:35 PM com.gargoylesoftware.htmlunit.DefaultCssErrorHandler error
WARNING: CSS error: 'https://maxcdn.bootstrapcdn.com/bootstrap/3.3.6/css/bootstrap.min.css' [5:72886] Error in media list. (Invalid token "(". Was expecting one of: <S>, <IDENT>.)
May 01, 2016 11:35:35 PM com.gargoylesoftware.htmlunit.DefaultCssErrorHandler error
WARNING: CSS error: 'https://maxcdn.bootstrapcdn.com/bootstrap/3.3.6/css/bootstrap.min.css' [5:74245] Error in media list. (Invalid token "(". Was expecting one of: <S>, <IDENT>.)
May 01, 2016 11:35:35 PM com.gargoylesoftware.htmlunit.DefaultCssErrorHandler error
WARNING: CSS error: 'https://maxcdn.bootstrapcdn.com/bootstrap/3.3.6/css/bootstrap.min.css' [5:76555] Error in media list. (Invalid token "(". Was expecting one of: <S>, <IDENT>.)
May 01, 2016 11:35:35 PM com.gargoylesoftware.htmlunit.DefaultCssErrorHandler error
WARNING: CSS error: 'https://maxcdn.bootstrapcdn.com/bootstrap/3.3.6/css/bootstrap.min.css' [5:82579] Error in @media rule. (Invalid token "and". Was expecting one of: <S>, <LBRACE>, <COMMA>.)
May 01, 2016 11:35:35 PM com.gargoylesoftware.htmlunit.DefaultCssErrorHandler warning
WARNING: CSS warning: 'https://maxcdn.bootstrapcdn.com/bootstrap/3.3.6/css/bootstrap.min.css' [5:82579] Ignoring the whole rule.
May 01, 2016 11:35:35 PM com.gargoylesoftware.htmlunit.DefaultCssErrorHandler error
WARNING: CSS error: 'https://maxcdn.bootstrapcdn.com/bootstrap/3.3.6/css/bootstrap.min.css' [5:107662] Error in media list. (Invalid token "(". Was expecting one of: <S>, <IDENT>.)
May 01, 2016 11:35:35 PM com.gargoylesoftware.htmlunit.DefaultCssErrorHandler error
WARNING: CSS error: 'https://maxcdn.bootstrapcdn.com/bootstrap/3.3.6/css/bootstrap.min.css' [5:107850] Error in media list. (Invalid token "(". Was expecting one of: <S>, <IDENT>.)
May 01, 2016 11:35:35 PM com.gargoylesoftware.htmlunit.DefaultCssErrorHandler error
WARNING: CSS error: 'https://maxcdn.bootstrapcdn.com/bootstrap/3.3.6/css/bootstrap.min.css' [5:112144] Error in @media rule. (Invalid token "and". Was expecting one of: <S>, <LBRACE>, <COMMA>.)
May 01, 2016 11:35:35 PM com.gargoylesoftware.htmlunit.DefaultCssErrorHandler warning
WARNING: CSS warning: 'https://maxcdn.bootstrapcdn.com/bootstrap/3.3.6/css/bootstrap.min.css' [5:112144] Ignoring the whole rule.
May 01, 2016 11:35:35 PM com.gargoylesoftware.htmlunit.DefaultCssErrorHandler error
WARNING: CSS error: 'https://maxcdn.bootstrapcdn.com/bootstrap/3.3.6/css/bootstrap.min.css' [5:113907] Error in expression; ':' found after identifier "progid".
May 01, 2016 11:35:35 PM com.gargoylesoftware.htmlunit.DefaultCssErrorHandler error
WARNING: CSS error: 'https://maxcdn.bootstrapcdn.com/bootstrap/3.3.6/css/bootstrap.min.css' [5:114450] Error in expression; ':' found after identifier "progid".
May 01, 2016 11:35:35 PM com.gargoylesoftware.htmlunit.DefaultCssErrorHandler error
WARNING: CSS error: 'https://maxcdn.bootstrapcdn.com/bootstrap/3.3.6/css/bootstrap.min.css' [5:115618] Invalid color "#000\9".
May 01, 2016 11:35:35 PM com.gargoylesoftware.htmlunit.DefaultCssErrorHandler error
WARNING: CSS error: 'https://maxcdn.bootstrapcdn.com/bootstrap/3.3.6/css/bootstrap.min.css' [5:116015] Error in @media rule. (Invalid token "and". Was expecting one of: <S>, <LBRACE>, <COMMA>.)
May 01, 2016 11:35:35 PM com.gargoylesoftware.htmlunit.DefaultCssErrorHandler warning
WARNING: CSS warning: 'https://maxcdn.bootstrapcdn.com/bootstrap/3.3.6/css/bootstrap.min.css' [5:116015] Ignoring the whole rule.
May 01, 2016 11:35:35 PM com.gargoylesoftware.htmlunit.DefaultCssErrorHandler error
WARNING: CSS error: 'https://maxcdn.bootstrapcdn.com/bootstrap/3.3.6/css/bootstrap.min.css' [5:118272] Error in media list. (Invalid token "(". Was expecting one of: <S>, <IDENT>.)
May 01, 2016 11:35:35 PM com.gargoylesoftware.htmlunit.DefaultCssErrorHandler error
WARNING: CSS error: 'https://maxcdn.bootstrapcdn.com/bootstrap/3.3.6/css/bootstrap.min.css' [5:118474] Error in media list. (Invalid token "(". Was expecting one of: <S>, <IDENT>.)
May 01, 2016 11:35:35 PM com.gargoylesoftware.htmlunit.DefaultCssErrorHandler error
WARNING: CSS error: 'https://maxcdn.bootstrapcdn.com/bootstrap/3.3.6/css/bootstrap.min.css' [5:118542] Error in media list. (Invalid token "(". Was expecting one of: <S>, <IDENT>.)
May 01, 2016 11:35:35 PM com.gargoylesoftware.htmlunit.DefaultCssErrorHandler error
WARNING: CSS error: 'https://maxcdn.bootstrapcdn.com/bootstrap/3.3.6/css/bootstrap.min.css' [5:118612] Error in media list. (Invalid token "(". Was expecting one of: <S>, <IDENT>.)
May 01, 2016 11:35:35 PM com.gargoylesoftware.htmlunit.DefaultCssErrorHandler error
WARNING: CSS error: 'https://maxcdn.bootstrapcdn.com/bootstrap/3.3.6/css/bootstrap.min.css' [5:118694] Error in media list. (Invalid token "(". Was expecting one of: <S>, <IDENT>.)
May 01, 2016 11:35:35 PM com.gargoylesoftware.htmlunit.DefaultCssErrorHandler error
WARNING: CSS error: 'https://maxcdn.bootstrapcdn.com/bootstrap/3.3.6/css/bootstrap.min.css' [5:118918] Error in media list. (Invalid token "(". Was expecting one of: <S>, <IDENT>.)
May 01, 2016 11:35:35 PM com.gargoylesoftware.htmlunit.DefaultCssErrorHandler error
WARNING: CSS error: 'https://maxcdn.bootstrapcdn.com/bootstrap/3.3.6/css/bootstrap.min.css' [5:119008] Error in media list. (Invalid token "(". Was expecting one of: <S>, <IDENT>.)
May 01, 2016 11:35:35 PM com.gargoylesoftware.htmlunit.DefaultCssErrorHandler error
WARNING: CSS error: 'https://maxcdn.bootstrapcdn.com/bootstrap/3.3.6/css/bootstrap.min.css' [5:119100] Error in media list. (Invalid token "(". Was expecting one of: <S>, <IDENT>.)
May 01, 2016 11:35:35 PM com.gargoylesoftware.htmlunit.DefaultCssErrorHandler error
WARNING: CSS error: 'https://maxcdn.bootstrapcdn.com/bootstrap/3.3.6/css/bootstrap.min.css' [5:119204] Error in media list. (Invalid token "(". Was expecting one of: <S>, <IDENT>.)
May 01, 2016 11:35:35 PM com.gargoylesoftware.htmlunit.DefaultCssErrorHandler error
WARNING: CSS error: 'https://maxcdn.bootstrapcdn.com/bootstrap/3.3.6/css/bootstrap.min.css' [5:119429] Error in media list. (Invalid token "(". Was expecting one of: <S>, <IDENT>.)
May 01, 2016 11:35:36 PM com.gargoylesoftware.htmlunit.DefaultCssErrorHandler error
WARNING: CSS error: 'https://maxcdn.bootstrapcdn.com/bootstrap/3.3.6/css/bootstrap.min.css' [5:119520] Error in media list. (Invalid token "(". Was expecting one of: <S>, <IDENT>.)
May 01, 2016 11:35:36 PM com.gargoylesoftware.htmlunit.DefaultCssErrorHandler error
WARNING: CSS error: 'https://maxcdn.bootstrapcdn.com/bootstrap/3.3.6/css/bootstrap.min.css' [5:119613] Error in media list. (Invalid token "(". Was expecting one of: <S>, <IDENT>.)
May 01, 2016 11:35:36 PM com.gargoylesoftware.htmlunit.DefaultCssErrorHandler error
WARNING: CSS error: 'https://maxcdn.bootstrapcdn.com/bootstrap/3.3.6/css/bootstrap.min.css' [5:119718] Error in media list. (Invalid token "(". Was expecting one of: <S>, <IDENT>.)
May 01, 2016 11:35:36 PM com.gargoylesoftware.htmlunit.DefaultCssErrorHandler error
WARNING: CSS error: 'https://maxcdn.bootstrapcdn.com/bootstrap/3.3.6/css/bootstrap.min.css' [5:119921] Error in media list. (Invalid token "(". Was expecting one of: <S>, <IDENT>.)
May 01, 2016 11:35:36 PM com.gargoylesoftware.htmlunit.DefaultCssErrorHandler error
WARNING: CSS error: 'https://maxcdn.bootstrapcdn.com/bootstrap/3.3.6/css/bootstrap.min.css' [5:119990] Error in media list. (Invalid token "(". Was expecting one of: <S>, <IDENT>.)
May 01, 2016 11:35:36 PM com.gargoylesoftware.htmlunit.DefaultCssErrorHandler error
WARNING: CSS error: 'https://maxcdn.bootstrapcdn.com/bootstrap/3.3.6/css/bootstrap.min.css' [5:120061] Error in media list. (Invalid token "(". Was expecting one of: <S>, <IDENT>.)
May 01, 2016 11:35:36 PM com.gargoylesoftware.htmlunit.DefaultCssErrorHandler error
WARNING: CSS error: 'https://maxcdn.bootstrapcdn.com/bootstrap/3.3.6/css/bootstrap.min.css' [5:120144] Error in media list. (Invalid token "(". Was expecting one of: <S>, <IDENT>.)
May 01, 2016 11:35:36 PM com.gargoylesoftware.htmlunit.DefaultCssErrorHandler error
WARNING: CSS error: 'https://maxcdn.bootstrapcdn.com/bootstrap/3.3.6/css/bootstrap.min.css' [5:120204] Error in media list. (Invalid token "(". Was expecting one of: <S>, <IDENT>.)
May 01, 2016 11:35:36 PM com.gargoylesoftware.htmlunit.DefaultCssErrorHandler error
WARNING: CSS error: 'https://maxcdn.bootstrapcdn.com/bootstrap/3.3.6/css/bootstrap.min.css' [5:120286] Error in media list. (Invalid token "(". Was expecting one of: <S>, <IDENT>.)
May 01, 2016 11:35:36 PM com.gargoylesoftware.htmlunit.DefaultCssErrorHandler error
WARNING: CSS error: 'https://maxcdn.bootstrapcdn.com/bootstrap/3.3.6/css/bootstrap.min.css' [5:120369] Error in media list. (Invalid token "(". Was expecting one of: <S>, <IDENT>.)
[Test worker] INFO spark.webserver.JettySparkServer - >>> Spark shutting down ...
[Test worker] INFO org.eclipse.jetty.server.ServerConnector - Stopped ServerConnector@703cb77{HTTP/1.1,[http/1.1]}{0.0.0.0:4567}
[Test worker] INFO spark.webserver.JettySparkServer - done
]]></system-err>
</testsuite>
